<?xml version="1.0" encoding="UTF-8"?>
<coverage generated="1776241865219" clover="3.2.0">
  <project timestamp="1776241865222" name="All files">
    <metrics statements="3" coveredstatements="3" conditionals="2" coveredconditionals="1" methods="1" coveredmethods="1" elements="6" coveredelements="5" complexity="0" loc="3" ncloc="3" packages="1" files="1" classes="1"/>
    <file name="Note.jsx" path="/home/fr3drick/Desktop/Programming/Github/Full Stack Open/FullStack Open learning/Part 5/frontend/src/components/Note.jsx">
      <metrics statements="3" coveredstatements="3" conditionals="2" coveredconditionals="1" methods="1" coveredmethods="1"/>
      <line num="1" count="1" type="stmt"/>
      <line num="2" count="1" type="cond" truecount="1" falsecount="1"/>
      <line num="4" count="1" type="stmt"/>
    </file>
  </project>
</coverage>
