{"/home/fr3drick/Desktop/Programming/Github/Full Stack Open/FullStack Open learning/Part 5/frontend/src/components/Note.jsx": {"path":"/home/fr3drick/Desktop/Programming/Github/Full Stack Open/FullStack Open learning/Part 5/frontend/src/components/Note.jsx","statementMap":{"0":{"start":{"line":1,"column":13},"end":{"line":10,"column":null}},"1":{"start":{"line":2,"column":16},"end":{"line":2,"column":null}},"2":{"start":{"line":4,"column":2},"end":{"line":8,"column":null}}},"fnMap":{"0":{"name":"(anonymous_0)","decl":{"start":{"line":1,"column":13},"end":{"line":1,"column":14}},"loc":{"start":{"line":1,"column":45},"end":{"line":10,"column":null}},"line":1}},"branchMap":{"0":{"loc":{"start":{"line":2,"column":16},"end":{"line":2,"column":null}},"type":"cond-expr","locations":[{"start":{"line":2,"column":33},"end":{"line":2,"column":56}},{"start":{"line":2,"column":56},"end":{"line":2,"column":null}}],"line":2}},"s":{"0":1,"1":1,"2":1},"f":{"0":1},"b":{"0":[1,0]},"meta":{"lastBranch":1,"lastFunction":1,"lastStatement":3,"seen":{"s:1:13:10:Infinity":0,"f:1:13:1:14":0,"s:2:16:2:Infinity":1,"b:2:33:2:56:2:56:2:Infinity":0,"s:4:2:8:Infinity":2}}}
}
