{"/home/fr3drick/Desktop/Programming/Github/Full Stack Open/FullStack Open learning/Part 5/frontend/src/components/Note.jsx": {"path":"/home/fr3drick/Desktop/Programming/Github/Full Stack Open/FullStack Open learning/Part 5/frontend/src/components/Note.jsx","statementMap":{"0":{"start":{"line":1,"column":13},"end":{"line":10,"column":null}},"1":{"start":{"line":2,"column":16},"end":{"line":2,"column":null}},"2":{"start":{"line":4,"column":2},"end":{"line":8,"column":null}}},"fnMap":{"0":{"name":"(anonymous_0)","decl":{"start":{"line":1,"column":13},"end":{"line":1,"column":14}},"loc":{"start":{"line":1,"column":45},"end":{"line":10,"column":null}},"line":1}},"branchMap":{"0":{"loc":{"start":{"line":2,"column":16},"end":{"line":2,"column":null}},"type":"cond-expr","locations":[{"start":{"line":2,"column":33},"end":{"line":2,"column":56}},{"start":{"line":2,"column":56},"end":{"line":2,"column":null}}],"line":2}},"s":{"0":1,"1":1,"2":1},"f":{"0":1},"b":{"0":[1,0]},"meta":{"lastBranch":1,"lastFunction":1,"lastStatement":3,"seen":{"s:1:13:10:Infinity":0,"f:1:13:1:14":0,"s:2:16:2:Infinity":1,"b:2:33:2:56:2:56:2:Infinity":0,"s:4:2:8:Infinity":2}}}
,"/home/fr3drick/Desktop/Programming/Github/Full Stack Open/FullStack Open learning/Part 5/frontend/src/components/NoteForm.jsx": {"path":"/home/fr3drick/Desktop/Programming/Github/Full Stack Open/FullStack Open learning/Part 5/frontend/src/components/NoteForm.jsx","statementMap":{"0":{"start":{"line":3,"column":17},"end":{"line":25,"column":null}},"1":{"start":{"line":4,"column":28},"end":{"line":4,"column":null}},"2":{"start":{"line":6,"column":18},"end":{"line":14,"column":null}},"3":{"start":{"line":7,"column":4},"end":{"line":7,"column":null}},"4":{"start":{"line":8,"column":4},"end":{"line":11,"column":null}},"5":{"start":{"line":13,"column":4},"end":{"line":13,"column":null}},"6":{"start":{"line":15,"column":2},"end":{"line":23,"column":null}},"7":{"start":{"line":20,"column":52},"end":{"line":20,"column":84}}},"fnMap":{"0":{"name":"(anonymous_0)","decl":{"start":{"line":3,"column":17},"end":{"line":3,"column":18}},"loc":{"start":{"line":3,"column":35},"end":{"line":25,"column":null}},"line":3},"1":{"name":"(anonymous_1)","decl":{"start":{"line":6,"column":18},"end":{"line":6,"column":19}},"loc":{"start":{"line":6,"column":29},"end":{"line":14,"column":null}},"line":6},"2":{"name":"(anonymous_2)","decl":{"start":{"line":20,"column":41},"end":{"line":20,"column":42}},"loc":{"start":{"line":20,"column":52},"end":{"line":20,"column":84}},"line":20}},"branchMap":{},"s":{"0":1,"1":19,"2":19,"3":1,"4":1,"5":1,"6":19,"7":17},"f":{"0":19,"1":1,"2":17},"b":{},"meta":{"lastBranch":0,"lastFunction":3,"lastStatement":8,"seen":{"s:3:17:25:Infinity":0,"f:3:17:3:18":0,"s:4:28:4:Infinity":1,"s:6:18:14:Infinity":2,"f:6:18:6:19":1,"s:7:4:7:Infinity":3,"s:8:4:11:Infinity":4,"s:13:4:13:Infinity":5,"s:15:2:23:Infinity":6,"f:20:41:20:42":2,"s:20:52:20:84":7}}}
,"/home/fr3drick/Desktop/Programming/Github/Full Stack Open/FullStack Open learning/Part 5/frontend/src/components/Togglable.jsx": {"path":"/home/fr3drick/Desktop/Programming/Github/Full Stack Open/FullStack Open learning/Part 5/frontend/src/components/Togglable.jsx","statementMap":{"0":{"start":{"line":4,"column":6},"end":{"line":28,"column":null}},"1":{"start":{"line":5,"column":28},"end":{"line":5,"column":null}},"2":{"start":{"line":7,"column":26},"end":{"line":7,"column":null}},"3":{"start":{"line":8,"column":26},"end":{"line":8,"column":null}},"4":{"start":{"line":10,"column":2},"end":{"line":10,"column":null}},"5":{"start":{"line":10,"column":34},"end":{"line":10,"column":55}},"6":{"start":{"line":12,"column":27},"end":{"line":14,"column":null}},"7":{"start":{"line":13,"column":4},"end":{"line":13,"column":null}},"8":{"start":{"line":16,"column":2},"end":{"line":26,"column":null}}},"fnMap":{"0":{"name":"(anonymous_0)","decl":{"start":{"line":4,"column":29},"end":{"line":4,"column":30}},"loc":{"start":{"line":4,"column":45},"end":{"line":28,"column":1}},"line":4},"1":{"name":"(anonymous_1)","decl":{"start":{"line":10,"column":27},"end":{"line":10,"column":34}},"loc":{"start":{"line":10,"column":34},"end":{"line":10,"column":55}},"line":10},"2":{"name":"(anonymous_2)","decl":{"start":{"line":12,"column":27},"end":{"line":12,"column":33}},"loc":{"start":{"line":12,"column":33},"end":{"line":14,"column":null}},"line":12}},"branchMap":{"0":{"loc":{"start":{"line":7,"column":37},"end":{"line":7,"column":58}},"type":"cond-expr","locations":[{"start":{"line":7,"column":47},"end":{"line":7,"column":56}},{"start":{"line":7,"column":56},"end":{"line":7,"column":58}}],"line":7},"1":{"loc":{"start":{"line":8,"column":37},"end":{"line":8,"column":58}},"type":"cond-expr","locations":[{"start":{"line":8,"column":47},"end":{"line":8,"column":52}},{"start":{"line":8,"column":52},"end":{"line":8,"column":58}}],"line":8}},"s":{"0":1,"1":7,"2":7,"3":7,"4":7,"5":0,"6":7,"7":3,"8":7},"f":{"0":7,"1":0,"2":3},"b":{"0":[2,5],"1":[2,5]},"meta":{"lastBranch":2,"lastFunction":3,"lastStatement":9,"seen":{"s:4:6:28:Infinity":0,"f:4:29:4:30":0,"s:5:28:5:Infinity":1,"s:7:26:7:Infinity":2,"b:7:47:7:56:7:56:7:58":0,"s:8:26:8:Infinity":3,"b:8:47:8:52:8:52:8:58":1,"s:10:2:10:Infinity":4,"f:10:27:10:34":1,"s:10:34:10:55":5,"s:12:27:14:Infinity":6,"f:12:27:12:33":2,"s:13:4:13:Infinity":7,"s:16:2:26:Infinity":8}}}
}
